[
  {
    "level": "INFO",
    "message": "android.ndkVersion from module build.gradle is [20.1.5948944]"
  },
  {
    "level": "INFO",
    "message": "android.ndkPath from module build.gradle is not set"
  },
  {
    "level": "INFO",
    "message": "ndk.dir in local.properties is not set"
  },
  {
    "level": "INFO",
    "message": "Not considering ANDROID_NDK_HOME because support was removed after deprecation period."
  },
  {
    "level": "INFO",
    "message": "sdkFolder is C:\\Users\\LinkF\\AppData\\Local\\Android\\Sdk"
  },
  {
    "level": "INFO",
    "message": "Folder C:\\Users\\LinkF\\AppData\\Local\\Android\\Sdk\\ndk\\20.1.5948944 does not exist. Ignoring."
  },
  {
    "level": "INFO",
    "message": "No NDK was found. Trying to download it now."
  },
  {
    "level": "INFO",
    "message": "NDK 20.1.5948944 was downloaded to C:\\Users\\LinkF\\AppData\\Local\\Android\\Sdk\\ndk\\20.1.5948944. Using that."
  }
]